0 info it worked if it ends with ok
1 verbose cli [ '/home/juraci/local/bin/node',
1 verbose cli   '/home/juraci/local/bin/npm',
1 verbose cli   'start' ]
2 info using npm@3.8.2
3 info using node@v5.8.0
4 verbose run-script [ 'prestart', 'start', 'poststart' ]
5 info lifecycle buildingblocks@1.0.0~prestart: buildingblocks@1.0.0
6 silly lifecycle buildingblocks@1.0.0~prestart: no script for prestart, continuing
7 info lifecycle buildingblocks@1.0.0~start: buildingblocks@1.0.0
8 verbose lifecycle buildingblocks@1.0.0~start: unsafe-perm in lifecycle true
9 verbose lifecycle buildingblocks@1.0.0~start: PATH: /home/juraci/local/lib/node_modules/npm/bin/node-gyp-bin:/home/juraci/projects/code-school/buildingblocks/node_modules/.bin:/home/juraci/local/bin:/home/juraci/local/bin:/usr/local/bin:/usr/bin:/bin:/usr/local/games:/usr/games
10 verbose lifecycle buildingblocks@1.0.0~start: CWD: /home/juraci/projects/code-school/buildingblocks
11 silly lifecycle buildingblocks@1.0.0~start: Args: [ '-c', 'node app.js' ]
12 silly lifecycle buildingblocks@1.0.0~start: Returned: code: 1  signal: null
13 info lifecycle buildingblocks@1.0.0~start: Failed to exec start script
14 verbose stack Error: buildingblocks@1.0.0 start: `node app.js`
14 verbose stack Exit status 1
14 verbose stack     at EventEmitter.<anonymous> (/home/juraci/local/lib/node_modules/npm/lib/utils/lifecycle.js:239:16)
14 verbose stack     at emitTwo (events.js:100:13)
14 verbose stack     at EventEmitter.emit (events.js:185:7)
14 verbose stack     at ChildProcess.<anonymous> (/home/juraci/local/lib/node_modules/npm/lib/utils/spawn.js:24:14)
14 verbose stack     at emitTwo (events.js:100:13)
14 verbose stack     at ChildProcess.emit (events.js:185:7)
14 verbose stack     at maybeClose (internal/child_process.js:850:16)
14 verbose stack     at Process.ChildProcess._handle.onexit (internal/child_process.js:215:5)
15 verbose pkgid buildingblocks@1.0.0
16 verbose cwd /home/juraci/projects/code-school/buildingblocks
17 error Linux 3.16.0-4-amd64
18 error argv "/home/juraci/local/bin/node" "/home/juraci/local/bin/npm" "start"
19 error node v5.8.0
20 error npm  v3.8.2
21 error code ELIFECYCLE
22 error buildingblocks@1.0.0 start: `node app.js`
22 error Exit status 1
23 error Failed at the buildingblocks@1.0.0 start script 'node app.js'.
23 error Make sure you have the latest version of node.js and npm installed.
23 error If you do, this is most likely a problem with the buildingblocks package,
23 error not with npm itself.
23 error Tell the author that this fails on your system:
23 error     node app.js
23 error You can get information on how to open an issue for this project with:
23 error     npm bugs buildingblocks
23 error Or if that isn't available, you can get their info via:
23 error     npm owner ls buildingblocks
23 error There is likely additional logging output above.
24 verbose exit [ 1, true ]
